lib/wolfssl/wolfssl/wolfcrypt/settings.h(4132): Warning! W143: "For timing resistance / side-channel attack prevention consider using harden options"
lib/wolfssl/wolfssl/wolfcrypt/wc_port.h(639): Warning! W202: Symbol 'wolfSSL_Atomic_Int_FetchAdd' has been defined, but not referenced
lib/wolfssl/wolfssl/wolfcrypt/wc_port.h(644): Warning! W202: Symbol 'wolfSSL_Atomic_Int_FetchSub' has been defined, but not referenced
lib/wolfssl/wolfssl/wolfcrypt/wc_port.h(649): Warning! W202: Symbol 'wolfSSL_Atomic_Int_AddFetch' has been defined, but not referenced
lib/wolfssl/wolfssl/wolfcrypt/wc_port.h(652): Warning! W202: Symbol 'wolfSSL_Atomic_Int_SubFetch' has been defined, but not referenced
lib/wolfssl/wolfssl/wolfcrypt/wc_port.h(655): Warning! W202: Symbol 'wolfSSL_Atomic_Int_CompareExchange' has been defined, but not referenced
lib/wolfssl/wolfssl/wolfcrypt/wc_port.h(679): Warning! W202: Symbol 'wolfSSL_Atomic_Uint_FetchAdd' has been defined, but not referenced
lib/wolfssl/wolfssl/wolfcrypt/wc_port.h(667): Warning! W202: Symbol 'wolfSSL_Atomic_Ptr_CompareExchange' has been defined, but not referenced
lib/wolfssl/wolfssl/wolfcrypt/wc_port.h(686): Warning! W202: Symbol 'wolfSSL_Atomic_Uint_FetchSub' has been defined, but not referenced
lib/wolfssl/wolfssl/wolfcrypt/wc_port.h(693): Warning! W202: Symbol 'wolfSSL_Atomic_Uint_AddFetch' has been defined, but not referenced
lib/wolfssl/wolfssl/wolfcrypt/wc_port.h(698): Warning! W202: Symbol 'wolfSSL_Atomic_Uint_SubFetch' has been defined, but not referenced
lib/wolfssl/wolfssl/wolfcrypt/wc_port.h(703): Warning! W202: Symbol 'wolfSSL_Atomic_Uint_CompareExchange' has been defined, but not referenced
lib/wolfssl/wolfssl/wolfcrypt/types.h(472): Warning! W202: Symbol 'WC_WUR_INT' has been defined, but not referenced
lib/wolfssl/wolfssl/wolfcrypt/logging.h(286): Warning! W202: Symbol 'WOLFSSL_MSG_CERT' has been defined, but not referenced
lib/wolfssl/wolfssl/wolfcrypt/logging.h(381): Warning! W202: Symbol 'WOLFSSL_MSG_EX' has been defined, but not referenced
lib/wolfssl/wolfssl/wolfcrypt/logging.h(517): Warning! W202: Symbol 'WOLFSSL_DEBUG_PRINTF' has been defined, but not referenced
lib/wolfssl/wolfssl/wolfcrypt/logging.h(292): Warning! W202: Symbol 'WOLFSSL_MSG_CERT_EX' has been defined, but not referenced
lib/wolfssl/wolfcrypt/src/misc.c(115): Warning! W202: Symbol 'rotrFixed' has been defined, but not referenced
lib/wolfssl/wolfcrypt/src/misc.c(123): Warning! W202: Symbol 'rotlFixed16' has been defined, but not referenced
lib/wolfssl/wolfcrypt/src/misc.c(181): Warning! W202: Symbol 'ByteReverseWords' has been defined, but not referenced
lib/wolfssl/wolfcrypt/src/misc.c(130): Warning! W202: Symbol 'rotrFixed16' has been defined, but not referenced
lib/wolfssl/wolfcrypt/src/misc.c(245): Warning! W202: Symbol 'writeUnalignedWord32' has been defined, but not referenced
lib/wolfssl/wolfcrypt/src/misc.c(234): Warning! W202: Symbol 'readUnalignedWord32' has been defined, but not referenced
lib/wolfssl/wolfcrypt/src/misc.c(255): Warning! W202: Symbol 'readUnalignedWords32' has been defined, but not referenced
lib/wolfssl/wolfcrypt/src/misc.c(268): Warning! W202: Symbol 'writeUnalignedWords32' has been defined, but not referenced
lib/wolfssl/wolfcrypt/src/misc.c(432): Warning! W202: Symbol 'xorbufout' has been defined, but not referenced
lib/wolfssl/wolfcrypt/src/misc.c(513): Warning! W202: Symbol 'xorbuf' has been defined, but not referenced
lib/wolfssl/wolfcrypt/src/misc.c(626): Warning! W202: Symbol 'ConstantCompare' has been defined, but not referenced
lib/wolfssl/wolfcrypt/src/misc.c(655): Warning! W202: Symbol 'ctMaskGTE' has been defined, but not referenced
lib/wolfssl/wolfcrypt/src/misc.c(661): Warning! W202: Symbol 'ctMaskIntGTE' has been defined, but not referenced
lib/wolfssl/wolfcrypt/src/misc.c(681): Warning! W202: Symbol 'ctMaskLTE' has been defined, but not referenced
lib/wolfssl/wolfcrypt/src/misc.c(699): Warning! W202: Symbol 'ctMask16GTE' has been defined, but not referenced
lib/wolfssl/wolfcrypt/src/misc.c(711): Warning! W202: Symbol 'ctMask16LTE' has been defined, but not referenced
lib/wolfssl/wolfcrypt/src/misc.c(717): Warning! W202: Symbol 'ctMask16Eq' has been defined, but not referenced
lib/wolfssl/wolfcrypt/src/misc.c(723): Warning! W202: Symbol 'ctMaskNotEq' has been defined, but not referenced
lib/wolfssl/wolfcrypt/src/misc.c(729): Warning! W202: Symbol 'ctMaskSel' has been defined, but not referenced
lib/wolfssl/wolfcrypt/src/misc.c(742): Warning! W202: Symbol 'ctMaskSelWord32' has been defined, but not referenced
lib/wolfssl/wolfcrypt/src/misc.c(735): Warning! W202: Symbol 'ctMaskSelInt' has been defined, but not referenced
lib/wolfssl/wolfcrypt/src/misc.c(749): Warning! W202: Symbol 'ctSetLTE' has been defined, but not referenced
lib/wolfssl/wolfcrypt/src/misc.c(756): Warning! W202: Symbol 'ctMaskCopy' has been defined, but not referenced
lib/wolfssl/wolfcrypt/src/misc.c(814): Warning! W202: Symbol 'c16toa' has been defined, but not referenced
lib/wolfssl/wolfcrypt/src/misc.c(806): Warning! W202: Symbol 'c32to24' has been defined, but not referenced
lib/wolfssl/wolfcrypt/src/misc.c(838): Warning! W202: Symbol 'c24to32' has been defined, but not referenced
lib/wolfssl/wolfcrypt/src/misc.c(821): Warning! W202: Symbol 'c32toa' has been defined, but not referenced
lib/wolfssl/wolfcrypt/src/misc.c(859): Warning! W202: Symbol 'ato32' has been defined, but not referenced
lib/wolfssl/wolfcrypt/src/misc.c(847): Warning! W202: Symbol 'ato24' has been defined, but not referenced
lib/wolfssl/wolfcrypt/src/misc.c(853): Warning! W202: Symbol 'ato16' has been defined, but not referenced
lib/wolfssl/wolfcrypt/src/misc.c(883): Warning! W202: Symbol 'btoi' has been defined, but not referenced
lib/wolfssl/wolfcrypt/src/misc.c(874): Warning! W202: Symbol 'ato32le' has been defined, but not referenced
lib/wolfssl/wolfcrypt/src/misc.c(889): Warning! W202: Symbol 'HexCharToByte' has been defined, but not referenced
lib/wolfssl/wolfcrypt/src/misc.c(912): Warning! W202: Symbol 'ByteToHexStr' has been defined, but not referenced
lib/wolfssl/wolfcrypt/src/misc.c(922): Warning! W202: Symbol 'CharIsWhiteSpace' has been defined, but not referenced
lib/wolfssl/wolfcrypt/src/misc.c(1322): Warning! W202: Symbol 'CopyString' has been defined, but not referenced
lib/wolfssl/wolfcrypt/src/misc.c(1288): Warning! W202: Symbol 'MakeWordFromHash' has been defined, but not referenced
